8/27/97 change
ld_grad_msg.c: change check for usSecond >= 0 to != 0. gcc complained.

10/29/97 change
add new option '-dump' to invoke new function "prt_badmsg()" if grib_seek
returns an error.

11/20/97 change
add vis5d option, ld_v5d_msg.c, make_v5d_file.c, and e_h_time.c
'make.tmpl' also update to reflect vis5d options.

12/09/97 change
add Lambert code for vis5d option (NO Sigma levels yet as of 12/16/97)
>>new Makefile, $GRIB_ENV/config.os ('make.tmpl' eliminated)

02/10/98 change
gribsimp.c:  if Sub Center id is avail then use it in look-up table filename

02/18/98 gribsimp.c:  
- changed Dprints.
- allow '-dump' and '-print' to be an independent cmd line option (used to
  require -d/-D/-g/-v5d/-X in addition);

04/09/98 make_grad_files.c: 
- implicitly open the .ctl from within script 'draw_all.gs';

4/14/98 make_v5d_file.c:  
- add code to support grids with different scan mode;

4/16/98 gribsimp.c
- reworded -v option output;
- support input Index files w/o the header line (used to automatically skip
1st line);
- improved error checking in next_index_entry();
- no longer check return status from FTP_getfile().   Treat as soft error;

6/24/98 make_v5d_file.c, gribsimp.c, ld_v5d_msg.c, grad_boundary_box.c
- use projection constants in grib.h

7/02/98 grad_boundary_box.c: 
- change computation of Longitude for LatLon projection to support case where
  longitude of grid crosses the prime meridian.
make_grad_file.c:
-  free storage for xdefn, ydefn, options, pdefn;

************************************************************************
  ADDENDUM
************************************************************************
9/7/98 gribsimp.c:
- no longer print Usage info when program was not requested to do anything.
- use system-defined MAXFLOAT as the FILL_VALUE.
- program now calls make_grad_files with the saved GDS block (1st Grad msg's).
- clarify reason printed out for msgs which Grads drop.
- corrected error in selecting Western bounding box coord for spherical
  grid

9/28/98 gribismp.c
- print out grid size of bds_head when grads' grid size is different.

9/29/98 grads.h:
- enlarge GRAD_PARM->abbrv to support the 4 digit PARMTBL_INDEX(Parmid,ParmSub);

	.....................................................
	.  10/02/98
	.  Local SGI upgraded OS from IRIX 6.2 to IRIX 6.5
        .  Also upgraded C-compiler from 6.2 to 7.2.1
	.....................................................
   
* 'v5d' option with GRIB0797.tar now produces a .v5d that still looks fine
  in vis5d program eventhough it differs the old output file at 2 bytes.  	
  Note that 'v5dCreate' function of the Vis5d package (used by 
  make_v5d_file) has NOT be recompiled after the OS upgrade.

10/5/98 ld_grad_msg.c:
- change GRAD_PARM's usParm_id to cotain PARMTBL_INDEX(Parmid,ParmSub) to 
  support grib extensions.  Abbreviated variable name now has format
  "mPPPLLL[a-z]" for parmid+parmsub < 255
		so 'm' represents Main table, PPP is 3digit ParmId, LLL is
		3 digit level id, optional [a-z] is used for non-zdef vars;
  "xPPPLLL[a-z]" for parmid+parmsub > 256, 
		so 'x' is either 'a' thu 'e' for Sub table, 
		PPP is 3digit ParmSubId, LLL is 3 digit level id, 
		optional [a-z] is used for non-zdef vars;

10/5/98 gribsimp.c, ld_v5d_msg.c, make_v5d_file.c, reg_trfm.c, 
	make_grad_files.c:
  updated to satisfy new compiler complaints.

10/13/98 make_grad_files.c:
  prevent reclosing of closed files.

10/22/98 minor changes:
-rw-r--r--    1 nakajima user       64558 Oct 22 09:30 gribsimp.c
-rw-r--r--    1 nakajima user       36952 Oct 22 08:32 make_grad_files.c
-rw-r--r--    1 nakajima user       33992 Oct 22 08:22 ld_grad_msg.c
-rw-r--r--    1 nakajima user       33320 Oct 22 08:21 make_v5d_file.c
-rw-r--r--    1 nakajima user       29569 Oct 22 08:20 ld_v5d_msg.c
