10/01/97:   NEONS_SW vers 4.2.1 installed on Kelvin
07/01/97:   NEONS_SW vers 4.2.0 installed on Kelvin

###################################################################
   GRIB Library, version 3.0.B    (used in NEONS_SW v.4.2.1)
   Changes which took place starting from Neons_sw v.4.2.0's GRIB lib;
###################################################################

Define function prototypes in:
	FTP_getfile.c
	apply_bitmap.c
	display_gribhdr.c
	gbyte.c
	grib_dec.c
	grib_enc.c
	grib_seek.c
	gribgetbds.c
	gribgetbms.c
	gribgetgds.c
	gribgetpds.c
	gribhdr2file.c
	gribputbds.c
	gribputgds.c
	gribputpds.c
	hdr_print.c
	init_dec_struct.c
	init_enc_struct.c
	init_gribhdr.c
	init_struct.c
	ld_dec_lookup.c
	ld_enc_input.c
	ld_enc_lookup.c
	ld_grib_origctrs.c
	make_default_grbfn.c	<- NEW FUNCTION ADDED
	make_grib_log.c
	map_1stlatlon.c
	map_lvl.c
	map_parm.c
	pack_spatial.c
	prt_inp_struct.c
	upd_child_errmsg.c

gribfuncs.h:	<==== NEW INCLUDE FILE
	defines PROTOTYPE_NEEDED based on __cplusplus, __STDC__, __GNUC__;
	contains all function prototypes
grib_lookup.h:  
	added lookup info macros
	renamed MODEL_DEFN's "db_dsc" to "db_name"
	renamed GEOM_DEFN's  "db_dsc" to "db_name"
grib.h: removed defns of BYTE_BIT_CNT & WORD_BIT_CNT
	these are put back in isdb.h
isdb.h:
	put back defns of  BYTE_BIT_CNT & WORD_BIT_CNT
ld_dec_lookup:  
	only clr out DECODER part of db_parm_tbl/_geom/_mdl/_lvl;
   	change usGribcode to INT (for gcc)
ld_enc_lookup:  
	only clr out ENCODER part of db_parm_tbl/_geom/_mdl/_lvl;
   	change usGribcode to INT (for gcc)
ld_enc_ffinfo: 
	now takes 13 args instead of 12, Data_Input->usProc_id;
grib_lookup.h:  
	changed LPRINT macro from 'if (debug) fprintf' to 
   	'if (logfile!=NULL) fprintf'
make_default_grbfn (8/27)
	add code to print DSF rounding of float data;
   	chg format to properly handle Parm Sub Tables,
   	now is 'Mid_Gid_yyyymmddhhtau_PINDX.Lid.lvl1.c.grb;
init_struct:  
	changed 'size_t' to int (for gcc)
grib_seek: 
	changed SEEK_SET to 0 (for gcc); get Edition before reading in msg;
SRC/getgribieee.c (9/17) 
	remove reference to GRIB_ENV;
TABLES/tables.cfg (9/17) 
	changed content to "nrlmry.navy.mil send/GRIB_TABLES"
	9/10 Caughey: replaced send/GRIB_TABLES w/ receive/GRIB_TABLES/

gbyte.c (9/17) add include 'isdb.h' for WORD_BIT_CNT;

pack_spatial.c (9/17) add include 'isdb.h' for WORD_BIT_CNT;

-----  10/01/97 Installed grib v3.0 on Kelvin under NEONS ----
grib.h (10/15/97) 
	added usData_type to struct mercator, space view;
gribfuncs.h (10/29/97) 
	added new prt_badmsg, remove map_1stlatlon;
Makefile:  
	added new prt_badmsg, remove map_1stlatlon;

gribgetgds.c (10/15/97)
	init usData_type in each Projection structure too
grib_seek.c (10/20/97)
	print number of bytes got back from invalid fread;
gribputgds.c (10/24/97) 
	GDS_HEAD->chPV is 255 but GDS_HEAD_INPUT's 
	usPl_Pv was 0; now make GDS_HEAD_INPUT->usPl_Pv 255 also.
map_1stlatlon.c (10/24/97)
	<<removed from GRIB library>>, Makefile updated.
prt_badmsg.c  (10/29/97): 
	<<NEW FUNCTION>> used to print as many Sections as possible 
	from GRIB_HDR structure's entire_msg buffer.
	(10/31/97) added type casting for pointer arithmetics; 
	added type casting to printing of Edition (error not captured
	by our 'gcc' compiler);

grib.h (11/3/97)  change DEF_MSG_LEN from 250k down to 50K;
gribfuncs.h    (11/4/97) added Expand_gribhdr
init_gribhdr.c (11/4/97) added Expand_gribhdr
grib_seek.c  (11/4/97) substitute 'realloc' with call to Expand_gribhdr
grib_enc.c   (11/4/97) substitute 'realloc' with call to Expand_gribhdr
gribputpds.c (11/4/97) substitute 'realloc' with call to Expand_gribhdr
gribputgds.c (11/4/97) substitute 'realloc' with call to Expand_gribhdr
gribputbds.c (11/4/97) substitute 'realloc' with call to Expand_gribhdr

(01/22/98) in addition to PDS oct-41, now represent usCenter_sub in Oct-26 too
  gribgetpds.c:  look in both places;  Oct26 takes precedence over Oct41;
  gribputpds.c:  write center sub id out to both Oct-26 & Oct-41;
  init_dec_struct.c :  init both pds->usCenter_sub & pds->usZero to 999;
........................................................................
02/18/98
> grib.h:  
   define constants & name array for the WMO Projections;
   remove struct space_view (not used);
> dprints.h:
   update defn of PRT_INP_STRUCT to reflect new calling interface;
> gribfuncs.h:
   update calling interface of prt_inp_input();

> grib_dec.c:  
   change usData_type number in tests to Projection constants;
> grib_enc.c:  
   remove debug printing of Internal structures;
> gribgetbds.c:  typo 'BDS' changed to 'GDS' in DPRINT.
> gribgetgds.c:  switch to projection constants.
> gribputgds.c:  assign projection constants to the input structs.
> ld_dec_lookup.c:  
   accept Parm ids 0-255 for Main table,  but only 1-255 for sub tables;
   geoms, models, and levels unchanged (accept range 0-255);
> ld_enc_lookup.c:  add comments
> make_grib_log.c:  
   -process prjns 10, 20, 30 same as prjn 0  (also needed to add code to 
    print the Stretch/Rotate info for those projections);
   -process prjns 14, 24, 34 same as prjn 4;
   -process prjn  8, 13  same as prjn 3;
> prt_badmsg.c:  
   -init curr_ptr right before it's used;
   -change calling interface to prt_inp_struct();
> prt_inp_struct.c:
   -Changed the GDS arguments in the Calling Interface.  
    Used to be 2 separate pointers:  (GDS_HEAD *) and  (void*)proj_blk;
    Now expects GDS to come in in 1 block as (grid_desc_sec *). 
   -Now handle Gaussian (4), Rotated LatLon (10), Rotated Gaussian (14),  
    Stretched LatLon (20), Stretched Gaussian (24), Stretched Rotated 
    Latlon(30), Stretched Rotated Gauss(34) same as LatLon (0).   All 
    use gds.llg;
   -now handle Albers (8) same as Lambert (3).  Both use gds.lam;
    leave Polar (5) as is;

4/15/98 FTP_getfile.c:  add print statement;
4/15/98 ld_grib_origctrs.c:  no longer tries to ftp file if unable to open it.
4/20/98 apply_bitmap.c: fix indexing bug;

4/23/98 
> grib.h:  
   -add defn for EXTENSION_FLAG;
   -struct PDS_INPUT :  
	rename 'usCenter_sub' to 'usExt_flag' and 
    	rename 'usZero' to 'usCenter_sub'.
   -struct PDS_GRIB  :
	rename 'chZero' to 'chCenter_sub' (oct-26)
	rename 'chCenter_sub' to 'chExt_flag' (oct-41)
> prt_inp_struct.c:  reflect changes in grib.h;
> gribgetpds.c:  
   -reflect changes in grib.h;
   -chg requirement for using MEL GRIB extensions 
    from having EITHER (Center_sub==99, or Center_id of 128/129)
    to having BOTH (Octet41 equals Extension flag && pds length equals 46)
    Sub-Center id is still Octet-26.
> gribputpds.c:  
   -reflect changes in grib.h;
   -write Sub-Center id to Oct 26, EXTENSION_FLAG to Octet 41;
> make_grib_log.c: 
   -print usCenter_sub if non-zero;
   -print usSeconds if usExt_flag is EXTENSION_FLAG;
> init_dec_struct.c:  
   init all of PDS_INPUT to null;

7/2/98
> make_grib_log.c:
  - print usSub_tbl, usTrack_num, usSecond & usParm_sub based on pds.usExt_flag

******************************************************************************
				 ADDENDUM LOG
******************************************************************************

09/10/98 prt_inp_struct.c:
- display whether or not the GRIB extensions are used.

09/10/98 make_grib_log.c:
- alter printing of Extension flag. 

09/30/98 gribgetbds.c:
- when grid has a constant value then try to return a float array with
  rows by cols datapoints, all set to this constant value.  If the expected
  grid size is invalid (should have been set in grib_enc prior to gribgetbds
  call) then force an array size of 1 datapoint.

10/02/98:  upgraded OS from IRIX 6.2 to IRIX 6.5
           upgraded C-compiler from 6.2 to 7.2.1

